  Character.cpp
C:\Projekt C++\Projekt_Cpp\Projekt\Character.h(67,49): warning C4244: "argument": konwersja z "int" do "float", możliwa utrata danych
C:\Projekt C++\Projekt_Cpp\Projekt\Character.h(67,38): warning C4244: "argument": konwersja z "int" do "float", możliwa utrata danych
C:\Projekt C++\Projekt_Cpp\Projekt\Character.h(68,28): warning C4244: "=": konwersja z "int" do "float", możliwa utrata danych
C:\Projekt C++\Projekt_Cpp\Projekt\Character.cpp(15,20): warning C4244: "=": konwersja z "const int" do "float", możliwa utrata danych
C:\Projekt C++\Projekt_Cpp\Projekt\Character.cpp(16,24): warning C4244: "=": konwersja z "float" do "int", możliwa utrata danych
C:\Projekt C++\Projekt_Cpp\Projekt\Character.cpp(31,42): warning C4244: "argument": konwersja z "double" do "float", możliwa utrata danych
C:\Projekt C++\Projekt_Cpp\Projekt\Character.cpp(31,25): warning C4244: "argument": konwersja z "double" do "float", możliwa utrata danych
  Item.cpp
C:\Projekt C++\Projekt_Cpp\Projekt\Item.cpp(7,14): warning C4244: "=": konwersja z "float" do "T", możliwa utrata danych
          with
          [
              T=int
          ]
C:\Projekt C++\Projekt_Cpp\Projekt\Item.cpp(8,13): warning C4244: "=": konwersja z "float" do "T", możliwa utrata danych
          with
          [
              T=int
          ]
C:\Projekt C++\Projekt_Cpp\Projekt\Item.cpp(9,16): warning C4244: "=": konwersja z "float" do "T", możliwa utrata danych
          with
          [
              T=int
          ]
C:\Projekt C++\Projekt_Cpp\Projekt\Item.cpp(10,15): warning C4244: "=": konwersja z "float" do "T", możliwa utrata danych
          with
          [
              T=int
          ]
  Menus.cpp
C:\Projekt C++\Projekt_Cpp\Projekt\Character.h(67,49): warning C4244: "argument": konwersja z "int" do "float", możliwa utrata danych
C:\Projekt C++\Projekt_Cpp\Projekt\Character.h(67,38): warning C4244: "argument": konwersja z "int" do "float", możliwa utrata danych
C:\Projekt C++\Projekt_Cpp\Projekt\Character.h(68,28): warning C4244: "=": konwersja z "int" do "float", możliwa utrata danych
C:\Projekt C++\Projekt_Cpp\Projekt\Menus.cpp(33,23): warning C4018: "<": niezgodność typu ze znakiem/bez znaku
C:\Projekt C++\Projekt_Cpp\Projekt\Menus.cpp(46,26): warning C4305: "inicjowanie": obcięcie z "double" do "float"
C:\Projekt C++\Projekt_Cpp\Projekt\Menus.cpp(114,26): warning C4305: "inicjowanie": obcięcie z "double" do "float"
C:\Projekt C++\Projekt_Cpp\Projekt\Menus.cpp(278,35): warning C4244: "=": konwersja z "int" do "float", możliwa utrata danych
C:\Projekt C++\Projekt_Cpp\Projekt\Menus.cpp(300,26): warning C4305: "inicjowanie": obcięcie z "double" do "float"
C:\Projekt C++\Projekt_Cpp\Projekt\Menus.cpp(426,26): warning C4305: "inicjowanie": obcięcie z "double" do "float"
C:\Projekt C++\Projekt_Cpp\Projekt\Menus.cpp(436,36): warning C4244: "argument": konwersja z "int" do "float", możliwa utrata danych
C:\Projekt C++\Projekt_Cpp\Projekt\Menus.cpp(436,31): warning C4244: "argument": konwersja z "int" do "float", możliwa utrata danych
C:\Projekt C++\Projekt_Cpp\Projekt\Menus.cpp(443,32): warning C4244: "argument": konwersja z "int" do "float", możliwa utrata danych
C:\Projekt C++\Projekt_Cpp\Projekt\Menus.cpp(443,27): warning C4244: "argument": konwersja z "int" do "float", możliwa utrata danych
C:\Projekt C++\Projekt_Cpp\Projekt\Menus.cpp(490,75): warning C4244: "+=": konwersja z "double" do "float", możliwa utrata danych
C:\Projekt C++\Projekt_Cpp\Projekt\Menus.cpp(491,93): warning C4244: "=": konwersja z "int" do "float", możliwa utrata danych
C:\Projekt C++\Projekt_Cpp\Projekt\Menus.cpp(495,74): warning C4244: "+=": konwersja z "double" do "float", możliwa utrata danych
C:\Projekt C++\Projekt_Cpp\Projekt\Menus.cpp(496,93): warning C4244: "=": konwersja z "int" do "float", możliwa utrata danych
C:\Projekt C++\Projekt_Cpp\Projekt\Menus.cpp(500,75): warning C4244: "+=": konwersja z "double" do "float", możliwa utrata danych
C:\Projekt C++\Projekt_Cpp\Projekt\Menus.cpp(501,93): warning C4244: "=": konwersja z "int" do "float", możliwa utrata danych
  Scenes.cpp
C:\Projekt C++\Projekt_Cpp\Projekt\Scenes.cpp(116,34): warning C4018: "<": niezgodność typu ze znakiem/bez znaku
C:\Projekt C++\Projekt_Cpp\Projekt\Scenes.cpp(116,123): warning C4018: "<=": niezgodność typu ze znakiem/bez znaku
C:\Projekt C++\Projekt_Cpp\Projekt\Scenes.cpp(120,112): warning C4244: "argument": konwersja z "T" do "float", możliwa utrata danych
          with
          [
              T=unsigned int
          ]
C:\Projekt C++\Projekt_Cpp\Projekt\Scenes.cpp(126,77): warning C4018: ">=": niezgodność typu ze znakiem/bez znaku
  Window.cpp
C:\Projekt C++\Projekt_Cpp\Projekt\Character.h(67,49): warning C4244: "argument": konwersja z "int" do "float", możliwa utrata danych
C:\Projekt C++\Projekt_Cpp\Projekt\Character.h(67,38): warning C4244: "argument": konwersja z "int" do "float", możliwa utrata danych
C:\Projekt C++\Projekt_Cpp\Projekt\Character.h(68,28): warning C4244: "=": konwersja z "int" do "float", możliwa utrata danych
C:\Projekt C++\Projekt_Cpp\Projekt\Window.cpp(290,51): warning C4244: "argument": konwersja z "int" do "float", możliwa utrata danych
C:\Projekt C++\Projekt_Cpp\Projekt\Window.cpp(290,40): warning C4244: "argument": konwersja z "int" do "float", możliwa utrata danych
C:\Projekt C++\Projekt_Cpp\Projekt\Window.cpp(309,15): warning C4244: "argument": konwersja z "time_t" do "unsigned int", możliwa utrata danych
C:\Projekt C++\Projekt_Cpp\Projekt\Window.cpp(319,121): warning C4305: "inicjowanie": obcięcie z "double" do "float"
C:\Projekt C++\Projekt_Cpp\Projekt\Window.cpp(368,50): warning C4305: "argument": obcięcie z "double" do "float"
C:\Projekt C++\Projekt_Cpp\Projekt\Window.cpp(374,36): warning C4305: "argument": obcięcie z "double" do "float"
C:\Projekt C++\Projekt_Cpp\Projekt\Window.cpp(380,36): warning C4305: "argument": obcięcie z "double" do "float"
C:\Projekt C++\Projekt_Cpp\Projekt\Window.cpp(386,36): warning C4305: "argument": obcięcie z "double" do "float"
C:\Projekt C++\Projekt_Cpp\Projekt\Window.cpp(392,36): warning C4305: "argument": obcięcie z "double" do "float"
C:\Projekt C++\Projekt_Cpp\Projekt\Window.cpp(398,36): warning C4305: "argument": obcięcie z "double" do "float"
C:\Projekt C++\Projekt_Cpp\Projekt\Window.cpp(404,36): warning C4305: "argument": obcięcie z "double" do "float"
C:\Projekt C++\Projekt_Cpp\Projekt\Window.cpp(410,36): warning C4305: "argument": obcięcie z "double" do "float"
C:\Projekt C++\Projekt_Cpp\Projekt\Window.cpp(416,36): warning C4305: "argument": obcięcie z "double" do "float"
C:\Projekt C++\Projekt_Cpp\Projekt\Window.cpp(489,31): warning C4018: "<": niezgodność typu ze znakiem/bez znaku
C:\Projekt C++\Projekt_Cpp\Projekt\Window.cpp(499,31): warning C4018: "<": niezgodność typu ze znakiem/bez znaku
C:\Projekt C++\Projekt_Cpp\Projekt\Window.cpp(510,31): warning C4018: "<": niezgodność typu ze znakiem/bez znaku
C:\Projekt C++\Projekt_Cpp\Projekt\Window.cpp(641,31): warning C4018: "<": niezgodność typu ze znakiem/bez znaku
C:\Projekt C++\Projekt_Cpp\Projekt\Window.cpp(664,31): warning C4018: "<": niezgodność typu ze znakiem/bez znaku
C:\Projekt C++\Projekt_Cpp\Projekt\Window.cpp(697,103): warning C4244: "argument": konwersja z "int" do "float", możliwa utrata danych
C:\Projekt C++\Projekt_Cpp\Projekt\Window.cpp(697,41): warning C4244: "argument": konwersja z "int" do "float", możliwa utrata danych
C:\Projekt C++\Projekt_Cpp\Projekt\Window.cpp(698,35): warning C4018: "<": niezgodność typu ze znakiem/bez znaku
  main.cpp
C:\Projekt C++\Projekt_Cpp\Projekt\main.cpp(114,22): warning C4018: "<": niezgodność typu ze znakiem/bez znaku
C:\Projekt C++\Projekt_Cpp\Projekt\main.cpp(155,21): warning C4018: "<": niezgodność typu ze znakiem/bez znaku
  Trwa generowanie kodu
C:\Projekt C++\Projekt_Cpp\Projekt\Menus.cpp(109): warning C4715: "escape_menu”: niewszystkie ścieżki kodu zwracają wartość
  49 of 1046 functions ( 4.7%) were compiled, the rest were copied from previous compilation.
    2 functions were new in current compilation
    35 functions had inline decision re-evaluated but remain unchanged
  Zakończono generowanie kodu
  Projekt C++.vcxproj -> C:\Projekt C++\Projekt_Cpp\Projekt\Release\Projekt C++.exe
